{"C:\\Users\\Faruk\\WebstormProjects\\Odevler\\odev05\\src\\client\\Game.jsx": {"path":"C:\\Users\\Faruk\\WebstormProjects\\Odevler\\odev05\\src\\client\\Game.jsx","statementMap":{"0":{"start":{"line":5,"column":8},"end":{"line":5,"column":21}},"1":{"start":{"line":6,"column":8},"end":{"line":8,"column":9}},"2":{"start":{"line":11,"column":8},"end":{"line":11,"column":28}},"3":{"start":{"line":13,"column":20},"end":{"line":21,"column":5}},"4":{"start":{"line":14,"column":8},"end":{"line":20,"column":10}},"5":{"start":{"line":24,"column":18},"end":{"line":59,"column":5}},"6":{"start":{"line":25,"column":61},"end":{"line":25,"column":76}},"7":{"start":{"line":27,"column":8},"end":{"line":58,"column":9}},"8":{"start":{"line":28,"column":29},"end":{"line":28,"column":38}},"9":{"start":{"line":31,"column":12},"end":{"line":45,"column":13}},"10":{"start":{"line":32,"column":16},"end":{"line":32,"column":50}},"11":{"start":{"line":33,"column":16},"end":{"line":35,"column":23}},"12":{"start":{"line":38,"column":16},"end":{"line":38,"column":51}},"13":{"start":{"line":39,"column":16},"end":{"line":44,"column":17}},"14":{"start":{"line":40,"column":20},"end":{"line":42,"column":23}},"15":{"start":{"line":46,"column":12},"end":{"line":50,"column":15}},"16":{"start":{"line":52,"column":12},"end":{"line":56,"column":13}},"17":{"start":{"line":53,"column":16},"end":{"line":55,"column":18}},"18":{"start":{"line":61,"column":15},"end":{"line":70,"column":5}},"19":{"start":{"line":62,"column":61},"end":{"line":62,"column":76}},"20":{"start":{"line":63,"column":8},"end":{"line":69,"column":10}},"21":{"start":{"line":73,"column":21},"end":{"line":73,"column":36}},"22":{"start":{"line":75,"column":8},"end":{"line":77,"column":9}},"23":{"start":{"line":76,"column":12},"end":{"line":76,"column":41}},"24":{"start":{"line":78,"column":8},"end":{"line":87,"column":9}},"25":{"start":{"line":79,"column":12},"end":{"line":86,"column":14}},"26":{"start":{"line":89,"column":8},"end":{"line":98,"column":9}},"27":{"start":{"line":90,"column":12},"end":{"line":97,"column":14}},"28":{"start":{"line":99,"column":8},"end":{"line":111,"column":10}},"29":{"start":{"line":102,"column":67},"end":{"line":102,"column":86}},"30":{"start":{"line":103,"column":67},"end":{"line":103,"column":86}},"31":{"start":{"line":104,"column":67},"end":{"line":104,"column":86}}},"fnMap":{"0":{"name":"(anonymous_0)","decl":{"start":{"line":4,"column":4},"end":{"line":4,"column":5}},"loc":{"start":{"line":4,"column":23},"end":{"line":9,"column":5}},"line":4},"1":{"name":"(anonymous_1)","decl":{"start":{"line":10,"column":4},"end":{"line":10,"column":5}},"loc":{"start":{"line":10,"column":24},"end":{"line":12,"column":5}},"line":10},"2":{"name":"(anonymous_2)","decl":{"start":{"line":13,"column":20},"end":{"line":13,"column":21}},"loc":{"start":{"line":13,"column":26},"end":{"line":21,"column":5}},"line":13},"3":{"name":"(anonymous_3)","decl":{"start":{"line":24,"column":18},"end":{"line":24,"column":19}},"loc":{"start":{"line":24,"column":31},"end":{"line":59,"column":5}},"line":24},"4":{"name":"(anonymous_4)","decl":{"start":{"line":61,"column":15},"end":{"line":61,"column":16}},"loc":{"start":{"line":61,"column":21},"end":{"line":70,"column":5}},"line":61},"5":{"name":"(anonymous_5)","decl":{"start":{"line":72,"column":4},"end":{"line":72,"column":5}},"loc":{"start":{"line":72,"column":12},"end":{"line":112,"column":5}},"line":72},"6":{"name":"(anonymous_6)","decl":{"start":{"line":102,"column":62},"end":{"line":102,"column":63}},"loc":{"start":{"line":102,"column":66},"end":{"line":102,"column":87}},"line":102},"7":{"name":"(anonymous_7)","decl":{"start":{"line":103,"column":62},"end":{"line":103,"column":63}},"loc":{"start":{"line":103,"column":66},"end":{"line":103,"column":87}},"line":103},"8":{"name":"(anonymous_8)","decl":{"start":{"line":104,"column":62},"end":{"line":104,"column":63}},"loc":{"start":{"line":104,"column":66},"end":{"line":104,"column":87}},"line":104}},"branchMap":{"0":{"loc":{"start":{"line":27,"column":8},"end":{"line":58,"column":9}},"type":"if","locations":[{"start":{"line":27,"column":8},"end":{"line":58,"column":9}},{"start":{"line":27,"column":8},"end":{"line":58,"column":9}}],"line":27},"1":{"loc":{"start":{"line":31,"column":12},"end":{"line":45,"column":13}},"type":"if","locations":[{"start":{"line":31,"column":12},"end":{"line":45,"column":13}},{"start":{"line":31,"column":12},"end":{"line":45,"column":13}}],"line":31},"2":{"loc":{"start":{"line":39,"column":16},"end":{"line":44,"column":17}},"type":"if","locations":[{"start":{"line":39,"column":16},"end":{"line":44,"column":17}},{"start":{"line":39,"column":16},"end":{"line":44,"column":17}}],"line":39},"3":{"loc":{"start":{"line":52,"column":12},"end":{"line":56,"column":13}},"type":"if","locations":[{"start":{"line":52,"column":12},"end":{"line":56,"column":13}},{"start":{"line":52,"column":12},"end":{"line":56,"column":13}}],"line":52},"4":{"loc":{"start":{"line":75,"column":8},"end":{"line":77,"column":9}},"type":"if","locations":[{"start":{"line":75,"column":8},"end":{"line":77,"column":9}},{"start":{"line":75,"column":8},"end":{"line":77,"column":9}}],"line":75},"5":{"loc":{"start":{"line":78,"column":8},"end":{"line":87,"column":9}},"type":"if","locations":[{"start":{"line":78,"column":8},"end":{"line":87,"column":9}},{"start":{"line":78,"column":8},"end":{"line":87,"column":9}}],"line":78},"6":{"loc":{"start":{"line":89,"column":8},"end":{"line":98,"column":9}},"type":"if","locations":[{"start":{"line":89,"column":8},"end":{"line":98,"column":9}},{"start":{"line":89,"column":8},"end":{"line":98,"column":9}}],"line":89},"7":{"loc":{"start":{"line":106,"column":25},"end":{"line":106,"column":92}},"type":"cond-expr","locations":[{"start":{"line":106,"column":31},"end":{"line":106,"column":36}},{"start":{"line":106,"column":37},"end":{"line":106,"column":92}}],"line":106},"8":{"loc":{"start":{"line":107,"column":22},"end":{"line":108,"column":25}},"type":"binary-expr","locations":[{"start":{"line":107,"column":22},"end":{"line":107,"column":27}},{"start":{"line":107,"column":31},"end":{"line":108,"column":25}}],"line":107}},"s":{"0":3,"1":3,"2":3,"3":3,"4":3,"5":3,"6":0,"7":0,"8":0,"9":0,"10":0,"11":0,"12":0,"13":0,"14":0,"15":0,"16":0,"17":0,"18":3,"19":0,"20":0,"21":9,"22":9,"23":3,"24":6,"25":0,"26":6,"27":0,"28":6,"29":0,"30":0,"31":0},"f":{"0":3,"1":3,"2":3,"3":0,"4":0,"5":9,"6":0,"7":0,"8":0},"b":{"0":[0,0],"1":[0,0],"2":[0,0],"3":[0,0],"4":[3,6],"5":[0,6],"6":[0,6],"7":[0,0],"8":[0,0]},"_coverageSchema":"1a1c01bbd47fc00a2c39e90264f33305004495a9","hash":"950719497609cf9058f75acd226786235487f96a"}
,"C:\\Users\\Faruk\\WebstormProjects\\Odevler\\odev05\\src\\client\\home.jsx": {"path":"C:\\Users\\Faruk\\WebstormProjects\\Odevler\\odev05\\src\\client\\home.jsx","statementMap":{"0":{"start":{"line":6,"column":8},"end":{"line":17,"column":10}}},"fnMap":{"0":{"name":"(anonymous_0)","decl":{"start":{"line":5,"column":4},"end":{"line":5,"column":5}},"loc":{"start":{"line":5,"column":13},"end":{"line":18,"column":5}},"line":5}},"branchMap":{},"s":{"0":0},"f":{"0":0},"b":{}}
,"C:\\Users\\Faruk\\WebstormProjects\\Odevler\\odev05\\src\\client\\index.jsx": {"path":"C:\\Users\\Faruk\\WebstormProjects\\Odevler\\odev05\\src\\client\\index.jsx","statementMap":{"0":{"start":{"line":8,"column":16},"end":{"line":18,"column":1}},"1":{"start":{"line":9,"column":4},"end":{"line":17,"column":5}},"2":{"start":{"line":22,"column":8},"end":{"line":30,"column":9}},"3":{"start":{"line":35,"column":0},"end":{"line":35,"column":58}}},"fnMap":{"0":{"name":"(anonymous_0)","decl":{"start":{"line":8,"column":16},"end":{"line":8,"column":17}},"loc":{"start":{"line":8,"column":21},"end":{"line":18,"column":1}},"line":8},"1":{"name":"(anonymous_1)","decl":{"start":{"line":21,"column":4},"end":{"line":21,"column":5}},"loc":{"start":{"line":21,"column":13},"end":{"line":31,"column":5}},"line":21}},"branchMap":{},"s":{"0":0,"1":0,"2":0,"3":0},"f":{"0":0,"1":0},"b":{}}
,"C:\\Users\\Faruk\\WebstormProjects\\Odevler\\odev05\\src\\server\\server.js": {"path":"C:\\Users\\Faruk\\WebstormProjects\\Odevler\\odev05\\src\\server\\server.js","statementMap":{"0":{"start":{"line":1,"column":15},"end":{"line":1,"column":33}},"1":{"start":{"line":2,"column":13},"end":{"line":2,"column":28}},"2":{"start":{"line":4,"column":12},"end":{"line":4,"column":21}},"3":{"start":{"line":6,"column":0},"end":{"line":6,"column":34}},"4":{"start":{"line":7,"column":0},"end":{"line":9,"column":3}},"5":{"start":{"line":8,"column":8},"end":{"line":8,"column":78}},"6":{"start":{"line":11,"column":13},"end":{"line":11,"column":37}},"7":{"start":{"line":12,"column":0},"end":{"line":14,"column":2}},"8":{"start":{"line":13,"column":4},"end":{"line":13,"column":42}}},"fnMap":{"0":{"name":"(anonymous_0)","decl":{"start":{"line":7,"column":8},"end":{"line":7,"column":9}},"loc":{"start":{"line":7,"column":28},"end":{"line":9,"column":1}},"line":7},"1":{"name":"(anonymous_1)","decl":{"start":{"line":12,"column":17},"end":{"line":12,"column":18}},"loc":{"start":{"line":12,"column":22},"end":{"line":14,"column":1}},"line":12}},"branchMap":{"0":{"loc":{"start":{"line":11,"column":13},"end":{"line":11,"column":37}},"type":"binary-expr","locations":[{"start":{"line":11,"column":13},"end":{"line":11,"column":29}},{"start":{"line":11,"column":33},"end":{"line":11,"column":37}}],"line":11}},"s":{"0":0,"1":0,"2":0,"3":0,"4":0,"5":0,"6":0,"7":0,"8":0},"f":{"0":0,"1":0},"b":{"0":[0,0]}}
}
