TN:
SF:src\client\Game.jsx
FN:4,(anonymous_0)
FN:10,(anonymous_1)
FN:13,(anonymous_2)
FN:24,(anonymous_3)
FN:61,(anonymous_4)
FN:72,(anonymous_5)
FN:102,(anonymous_6)
FN:103,(anonymous_7)
FN:104,(anonymous_8)
FNF:9
FNH:4
FNDA:3,(anonymous_0)
FNDA:3,(anonymous_1)
FNDA:3,(anonymous_2)
FNDA:0,(anonymous_3)
FNDA:0,(anonymous_4)
FNDA:9,(anonymous_5)
FNDA:0,(anonymous_6)
FNDA:0,(anonymous_7)
FNDA:0,(anonymous_8)
DA:5,3
DA:6,3
DA:11,3
DA:13,3
DA:14,3
DA:24,3
DA:25,0
DA:27,0
DA:28,0
DA:31,0
DA:32,0
DA:33,0
DA:38,0
DA:39,0
DA:40,0
DA:46,0
DA:52,0
DA:53,0
DA:61,3
DA:62,0
DA:63,0
DA:73,9
DA:75,9
DA:76,3
DA:78,6
DA:79,0
DA:89,6
DA:90,0
DA:99,6
DA:102,0
DA:103,0
DA:104,0
LF:32
LH:13
BRDA:27,0,0,0
BRDA:27,0,1,0
BRDA:31,1,0,0
BRDA:31,1,1,0
BRDA:39,2,0,0
BRDA:39,2,1,0
BRDA:52,3,0,0
BRDA:52,3,1,0
BRDA:75,4,0,3
BRDA:75,4,1,6
BRDA:78,5,0,0
BRDA:78,5,1,6
BRDA:89,6,0,0
BRDA:89,6,1,6
BRDA:106,7,0,0
BRDA:106,7,1,0
BRDA:107,8,0,0
BRDA:107,8,1,0
BRF:18
BRH:4
end_of_record
TN:
SF:src\client\home.jsx
FN:5,(anonymous_0)
FNF:1
FNH:0
FNDA:0,(anonymous_0)
DA:6,0
LF:1
LH:0
BRF:0
BRH:0
end_of_record
TN:
SF:src\client\index.jsx
FN:8,(anonymous_0)
FN:21,(anonymous_1)
FNF:2
FNH:0
FNDA:0,(anonymous_0)
FNDA:0,(anonymous_1)
DA:8,0
DA:9,0
DA:22,0
DA:35,0
LF:4
LH:0
BRF:0
BRH:0
end_of_record
TN:
SF:src\server\server.js
FN:7,(anonymous_0)
FN:12,(anonymous_1)
FNF:2
FNH:0
FNDA:0,(anonymous_0)
FNDA:0,(anonymous_1)
DA:1,0
DA:2,0
DA:4,0
DA:6,0
DA:7,0
DA:8,0
DA:11,0
DA:12,0
DA:13,0
LF:9
LH:0
BRDA:11,0,0,0
BRDA:11,0,1,0
BRF:2
BRH:0
end_of_record
